# JRE version: OpenJDK Runtime Environment (11.0.12+7) (build 11.0.12+7-post-Debian-2)
# Java VM: OpenJDK 64-Bit Server VM (11.0.12+7-post-Debian-2, mixed mode, tiered, g1 gc, linux-amd64)
Heap:
 garbage-first heap   total 18579456K, used 1616971K [0x00007a9abc000000, 0x00007f7cbc000000)
  region size 32768K, 2 young (65536K), 2 survivors (65536K)
 Metaspace       used 9788K, capacity 9882K, committed 9984K, reserved 10240K
GC Heap History (20 events):
Event: 1.232 GC heap after
{Heap after GC invocations=7 (full 0):
 garbage-first heap   total 688128K, used 234156K [0x00007a9abc000000, 0x00007f7cbc000000)
  region size 32768K, 1 young (32768K), 1 survivors (32768K)
 Metaspace       used 9788K, capacity 9882K, committed 9984K, reserved 10240K
}
Event: 1.255 GC heap before
{Heap before GC invocations=7 (full 0):
 garbage-first heap   total 688128K, used 266924K [0x00007a9abc000000, 0x00007f7cbc000000)
  region size 32768K, 2 young (65536K), 1 survivors (32768K)
 Metaspace       used 9788K, capacity 9882K, committed 9984K, reserved 10240K
}
Event: 1.356 GC heap after
{Heap after GC invocations=8 (full 0):
 garbage-first heap   total 688128K, used 268937K [0x00007a9abc000000, 0x00007f7cbc000000)
  region size 32768K, 1 young (32768K), 1 survivors (32768K)
 Metaspace       used 9788K, capacity 9882K, committed 9984K, reserved 10240K
}
Event: 1.379 GC heap before
{Heap before GC invocations=8 (full 0):
 garbage-first heap   total 688128K, used 301705K [0x00007a9abc000000, 0x00007f7cbc000000)
  region size 32768K, 2 young (65536K), 1 survivors (32768K)
 Metaspace       used 9788K, capacity 9882K, committed 9984K, reserved 10240K
}
Event: 1.498 GC heap after
{Heap after GC invocations=9 (full 0):
 garbage-first heap   total 2064384K, used 306220K [0x00007a9abc000000, 0x00007f7cbc000000)
  region size 32768K, 1 young (32768K), 1 survivors (32768K)
 Metaspace       used 9788K, capacity 9882K, committed 9984K, reserved 10240K
}
Event: 1.856 GC heap before
{Heap before GC invocations=9 (full 0):
 garbage-first heap   total 2064384K, used 371756K [0x00007a9abc000000, 0x00007f7cbc000000)
  region size 32768K, 3 young (98304K), 1 survivors (32768K)
 Metaspace       used 9788K, capacity 9882K, committed 9984K, reserved 10240K
}
Event: 2.302 GC heap after
{Heap after GC invocations=10 (full 0):
 garbage-first heap   total 2064384K, used 373447K [0x00007a9abc000000, 0x00007f7cbc000000)
  region size 32768K, 1 young (32768K), 1 survivors (32768K)
 Metaspace       used 9788K, capacity 9882K, committed 9984K, reserved 10240K
}
Event: 2.334 GC heap before
{Heap before GC invocations=10 (full 0):
 garbage-first heap   total 2064384K, used 438983K [0x00007a9abc000000, 0x00007f7cbc000000)
  region size 32768K, 3 young (98304K), 1 survivors (32768K)
 Metaspace       used 9788K, capacity 9882K, committed 9984K, reserved 10240K
}
Event: 3.057 GC heap after
{Heap after GC invocations=11 (full 0):
 garbage-first heap   total 2064384K, used 442863K [0x00007a9abc000000, 0x00007f7cbc000000)
  region size 32768K, 1 young (32768K), 1 survivors (32768K)
 Metaspace       used 9788K, capacity 9882K, committed 9984K, reserved 10240K
}
Event: 3.119 GC heap before
{Heap before GC invocations=11 (full 0):
 garbage-first heap   total 2064384K, used 508399K [0x00007a9abc000000, 0x00007f7cbc000000)
  region size 32768K, 3 young (98304K), 1 survivors (32768K)
 Metaspace       used 9788K, capacity 9882K, committed 9984K, reserved 10240K
}
Event: 3.436 GC heap after
{Heap after GC invocations=12 (full 0):
 garbage-first heap   total 2064384K, used 513638K [0x00007a9abc000000, 0x00007f7cbc000000)
  region size 32768K, 1 young (32768K), 1 survivors (32768K)
 Metaspace       used 9788K, capacity 9882K, committed 9984K, reserved 10240K
}
Event: 3.497 GC heap before
{Heap before GC invocations=12 (full 0):
 garbage-first heap   total 2064384K, used 579174K [0x00007a9abc000000, 0x00007f7cbc000000)
  region size 32768K, 3 young (98304K), 1 survivors (32768K)
 Metaspace       used 9788K, capacity 9882K, committed 9984K, reserved 10240K
}
Event: 5.333 GC heap after
{Heap after GC invocations=13 (full 0):
 garbage-first heap   total 6193152K, used 583026K [0x00007a9abc000000, 0x00007f7cbc000000)
  region size 32768K, 1 young (32768K), 1 survivors (32768K)
 Metaspace       used 9788K, capacity 9882K, committed 9984K, reserved 10240K
}
Event: 6.884 GC heap before
{Heap before GC invocations=14 (full 0):
 garbage-first heap   total 6193152K, used 845170K [0x00007a9abc000000, 0x00007f7cbc000000)
  region size 32768K, 9 young (294912K), 1 survivors (32768K)
 Metaspace       used 9788K, capacity 9882K, committed 9984K, reserved 10240K
}
Event: 13.562 GC heap after
{Heap after GC invocations=15 (full 0):
 garbage-first heap   total 6193152K, used 851880K [0x00007a9abc000000, 0x00007f7cbc000000)
  region size 32768K, 2 young (65536K), 2 survivors (65536K)
 Metaspace       used 9788K, capacity 9882K, committed 9984K, reserved 10240K
}
Event: 13.633 GC heap before
{Heap before GC invocations=15 (full 0):
 garbage-first heap   total 6193152K, used 1081256K [0x00007a9abc000000, 0x00007f7cbc000000)
  region size 32768K, 9 young (294912K), 2 survivors (65536K)
 Metaspace       used 9788K, capacity 9882K, committed 9984K, reserved 10240K
}
Event: 28.696 GC heap after
{Heap after GC invocations=16 (full 0):
 garbage-first heap   total 6193152K, used 1109596K [0x00007a9abc000000, 0x00007f7cbc000000)
  region size 32768K, 2 young (65536K), 2 survivors (65536K)
 Metaspace       used 9788K, capacity 9882K, committed 9984K, reserved 10240K
}
Event: 28.771 GC heap before
{Heap before GC invocations=16 (full 0):
 garbage-first heap   total 6193152K, used 1338972K [0x00007a9abc000000, 0x00007f7cbc000000)
  region size 32768K, 9 young (294912K), 2 survivors (65536K)
 Metaspace       used 9788K, capacity 9882K, committed 9984K, reserved 10240K
}
Event: 64.407 GC heap after
{Heap after GC invocations=17 (full 0):
 garbage-first heap   total 6193152K, used 1365397K [0x00007a9abc000000, 0x00007f7cbc000000)
  region size 32768K, 2 young (65536K), 2 survivors (65536K)
 Metaspace       used 9788K, capacity 9882K, committed 9984K, reserved 10240K
}
Event: 64.918 GC heap before
{Heap before GC invocations=17 (full 0):
 garbage-first heap   total 6193152K, used 1594773K [0x00007a9abc000000, 0x00007f7cbc000000)
  region size 32768K, 9 young (294912K), 2 survivors (65536K)
 Metaspace       used 9788K, capacity 9882K, committed 9984K, reserved 10240K
}

